{
	"Name": "set_nft_transfers",
	"SpanContext": {
		"TraceID": "5b43cfbafcce4c6b1b3e514a6b678cc7",
		"SpanID": "91387c1648c6059f",
		"TraceFlags": "01",
		"TraceState": "",
		"Remote": false
	},
	"Parent": {
		"TraceID": "5b43cfbafcce4c6b1b3e514a6b678cc7",
		"SpanID": "b1d7a9903110f13f",
		"TraceFlags": "01",
		"TraceState": "",
		"Remote": false
	},
	"SpanKind": 1,
	"StartTime": "0001-01-01T00:00:00Z",
	"EndTime": "0001-01-01T00:00:00Z",
	"Attributes": null,
	"Events": null,
	"Links": null,
	"Status": {
		"Code": "Unset",
		"Description": ""
	},
	"DroppedAttributes": 0,
	"DroppedEvents": 0,
	"DroppedLinks": 0,
	"ChildSpanCount": 0,
	"Resource": [
		{
			"Key": "service.name",
			"Value": {
				"Type": "STRING",
				"Value": "pregod-indexer"
			}
		},
		{
			"Key": "service.version",
			"Value": {
				"Type": "STRING",
				"Value": "v0.4.0"
			}
		}
	],
	"InstrumentationLibrary": {
		"Name": "crawler_moralis",
		"Version": "",
		"SchemaURL": ""
	}
}
{
	"Name": "set_nft_transfers",
	"SpanContext": {
		"TraceID": "cbe1a6a9499adda3870e32151a023319",
		"SpanID": "0c0925dcbd4002b7",
		"TraceFlags": "01",
		"TraceState": "",
		"Remote": false
	},
	"Parent": {
		"TraceID": "cbe1a6a9499adda3870e32151a023319",
		"SpanID": "f31e3618226855cb",
		"TraceFlags": "01",
		"TraceState": "",
		"Remote": false
	},
	"SpanKind": 1,
	"StartTime": "0001-01-01T00:00:00Z",
	"EndTime": "0001-01-01T00:00:00Z",
	"Attributes": null,
	"Events": null,
	"Links": null,
	"Status": {
		"Code": "Unset",
		"Description": ""
	},
	"DroppedAttributes": 0,
	"DroppedEvents": 0,
	"DroppedLinks": 0,
	"ChildSpanCount": 0,
	"Resource": [
		{
			"Key": "service.name",
			"Value": {
				"Type": "STRING",
				"Value": "pregod-indexer"
			}
		},
		{
			"Key": "service.version",
			"Value": {
				"Type": "STRING",
				"Value": "v0.4.0"
			}
		}
	],
	"InstrumentationLibrary": {
		"Name": "crawler_moralis",
		"Version": "",
		"SchemaURL": ""
	}
}
{
	"Name": "set_nft_transfers",
	"SpanContext": {
		"TraceID": "6245e1159ce4d4090e8042f5c7121174",
		"SpanID": "f8a7203e3d329194",
		"TraceFlags": "01",
		"TraceState": "",
		"Remote": false
	},
	"Parent": {
		"TraceID": "6245e1159ce4d4090e8042f5c7121174",
		"SpanID": "acb46fcbfa3a9ca7",
		"TraceFlags": "01",
		"TraceState": "",
		"Remote": false
	},
	"SpanKind": 1,
	"StartTime": "0001-01-01T00:00:00Z",
	"EndTime": "0001-01-01T00:00:00Z",
	"Attributes": null,
	"Events": null,
	"Links": null,
	"Status": {
		"Code": "Unset",
		"Description": ""
	},
	"DroppedAttributes": 0,
	"DroppedEvents": 0,
	"DroppedLinks": 0,
	"ChildSpanCount": 0,
	"Resource": [
		{
			"Key": "service.name",
			"Value": {
				"Type": "STRING",
				"Value": "pregod-indexer"
			}
		},
		{
			"Key": "service.version",
			"Value": {
				"Type": "STRING",
				"Value": "v0.4.0"
			}
		}
	],
	"InstrumentationLibrary": {
		"Name": "crawler_moralis",
		"Version": "",
		"SchemaURL": ""
	}
}
{
	"Name": "set_nft_transfers",
	"SpanContext": {
		"TraceID": "9406f045322d6c1a1ff6b5e9664dfde4",
		"SpanID": "a096b96747739fb4",
		"TraceFlags": "01",
		"TraceState": "",
		"Remote": false
	},
	"Parent": {
		"TraceID": "9406f045322d6c1a1ff6b5e9664dfde4",
		"SpanID": "5c4df3d1df6a1109",
		"TraceFlags": "01",
		"TraceState": "",
		"Remote": false
	},
	"SpanKind": 1,
	"StartTime": "0001-01-01T00:00:00Z",
	"EndTime": "0001-01-01T00:00:00Z",
	"Attributes": null,
	"Events": null,
	"Links": null,
	"Status": {
		"Code": "Unset",
		"Description": ""
	},
	"DroppedAttributes": 0,
	"DroppedEvents": 0,
	"DroppedLinks": 0,
	"ChildSpanCount": 0,
	"Resource": [
		{
			"Key": "service.name",
			"Value": {
				"Type": "STRING",
				"Value": "pregod-indexer"
			}
		},
		{
			"Key": "service.version",
			"Value": {
				"Type": "STRING",
				"Value": "v0.4.0"
			}
		}
	],
	"InstrumentationLibrary": {
		"Name": "crawler_moralis",
		"Version": "",
		"SchemaURL": ""
	}
}
{
	"Name": "set_nft_transfers",
	"SpanContext": {
		"TraceID": "817c1b730249175c980fc27db92a4a0b",
		"SpanID": "015c4615a5398463",
		"TraceFlags": "01",
		"TraceState": "",
		"Remote": false
	},
	"Parent": {
		"TraceID": "817c1b730249175c980fc27db92a4a0b",
		"SpanID": "33fbeb96044efe8a",
		"TraceFlags": "01",
		"TraceState": "",
		"Remote": false
	},
	"SpanKind": 1,
	"StartTime": "0001-01-01T00:00:00Z",
	"EndTime": "0001-01-01T00:00:00Z",
	"Attributes": null,
	"Events": null,
	"Links": null,
	"Status": {
		"Code": "Unset",
		"Description": ""
	},
	"DroppedAttributes": 0,
	"DroppedEvents": 0,
	"DroppedLinks": 0,
	"ChildSpanCount": 0,
	"Resource": [
		{
			"Key": "service.name",
			"Value": {
				"Type": "STRING",
				"Value": "pregod-indexer"
			}
		},
		{
			"Key": "service.version",
			"Value": {
				"Type": "STRING",
				"Value": "v0.4.0"
			}
		}
	],
	"InstrumentationLibrary": {
		"Name": "crawler_moralis",
		"Version": "",
		"SchemaURL": ""
	}
}
{
	"Name": "set_erc20",
	"SpanContext": {
		"TraceID": "9406f045322d6c1a1ff6b5e9664dfde4",
		"SpanID": "e7d3c90877f7c6eb",
		"TraceFlags": "01",
		"TraceState": "",
		"Remote": false
	},
	"Parent": {
		"TraceID": "9406f045322d6c1a1ff6b5e9664dfde4",
		"SpanID": "5c4df3d1df6a1109",
		"TraceFlags": "01",
		"TraceState": "",
		"Remote": false
	},
	"SpanKind": 1,
	"StartTime": "0001-01-01T00:00:00Z",
	"EndTime": "0001-01-01T00:00:00Z",
	"Attributes": null,
	"Events": null,
	"Links": null,
	"Status": {
		"Code": "Unset",
		"Description": ""
	},
	"DroppedAttributes": 0,
	"DroppedEvents": 0,
	"DroppedLinks": 0,
	"ChildSpanCount": 0,
	"Resource": [
		{
			"Key": "service.name",
			"Value": {
				"Type": "STRING",
				"Value": "pregod-indexer"
			}
		},
		{
			"Key": "service.version",
			"Value": {
				"Type": "STRING",
				"Value": "v0.4.0"
			}
		}
	],
	"InstrumentationLibrary": {
		"Name": "crawler_moralis",
		"Version": "",
		"SchemaURL": ""
	}
}
{
	"Name": "set_erc20",
	"SpanContext": {
		"TraceID": "6245e1159ce4d4090e8042f5c7121174",
		"SpanID": "17fcb438fa435066",
		"TraceFlags": "01",
		"TraceState": "",
		"Remote": false
	},
	"Parent": {
		"TraceID": "6245e1159ce4d4090e8042f5c7121174",
		"SpanID": "acb46fcbfa3a9ca7",
		"TraceFlags": "01",
		"TraceState": "",
		"Remote": false
	},
	"SpanKind": 1,
	"StartTime": "0001-01-01T00:00:00Z",
	"EndTime": "0001-01-01T00:00:00Z",
	"Attributes": null,
	"Events": null,
	"Links": null,
	"Status": {
		"Code": "Unset",
		"Description": ""
	},
	"DroppedAttributes": 0,
	"DroppedEvents": 0,
	"DroppedLinks": 0,
	"ChildSpanCount": 0,
	"Resource": [
		{
			"Key": "service.name",
			"Value": {
				"Type": "STRING",
				"Value": "pregod-indexer"
			}
		},
		{
			"Key": "service.version",
			"Value": {
				"Type": "STRING",
				"Value": "v0.4.0"
			}
		}
	],
	"InstrumentationLibrary": {
		"Name": "crawler_moralis",
		"Version": "",
		"SchemaURL": ""
	}
}
{
	"Name": "set_erc20",
	"SpanContext": {
		"TraceID": "5b43cfbafcce4c6b1b3e514a6b678cc7",
		"SpanID": "72bfbac1239cda82",
		"TraceFlags": "01",
		"TraceState": "",
		"Remote": false
	},
	"Parent": {
		"TraceID": "5b43cfbafcce4c6b1b3e514a6b678cc7",
		"SpanID": "b1d7a9903110f13f",
		"TraceFlags": "01",
		"TraceState": "",
		"Remote": false
	},
	"SpanKind": 1,
	"StartTime": "0001-01-01T00:00:00Z",
	"EndTime": "0001-01-01T00:00:00Z",
	"Attributes": null,
	"Events": null,
	"Links": null,
	"Status": {
		"Code": "Unset",
		"Description": ""
	},
	"DroppedAttributes": 0,
	"DroppedEvents": 0,
	"DroppedLinks": 0,
	"ChildSpanCount": 0,
	"Resource": [
		{
			"Key": "service.name",
			"Value": {
				"Type": "STRING",
				"Value": "pregod-indexer"
			}
		},
		{
			"Key": "service.version",
			"Value": {
				"Type": "STRING",
				"Value": "v0.4.0"
			}
		}
	],
	"InstrumentationLibrary": {
		"Name": "crawler_moralis",
		"Version": "",
		"SchemaURL": ""
	}
}
{
	"Name": "work",
	"SpanContext": {
		"TraceID": "6245e1159ce4d4090e8042f5c7121174",
		"SpanID": "acb46fcbfa3a9ca7",
		"TraceFlags": "01",
		"TraceState": "",
		"Remote": false
	},
	"Parent": {
		"TraceID": "00000000000000000000000000000000",
		"SpanID": "0000000000000000",
		"TraceFlags": "00",
		"TraceState": "",
		"Remote": false
	},
	"SpanKind": 1,
	"StartTime": "0001-01-01T00:00:00Z",
	"EndTime": "0001-01-01T00:00:00Z",
	"Attributes": [
		{
			"Key": "identity",
			"Value": {
				"Type": "STRING",
				"Value": "0x8768515270aa67c624d3ea3b98ca464672c50183"
			}
		},
		{
			"Key": "owner_id",
			"Value": {
				"Type": "STRING",
				"Value": "0xc8b960d09c0078c18dcbe7eb9ab9d816bcca8944"
			}
		},
		{
			"Key": "owner_platform_id",
			"Value": {
				"Type": "STRING",
				"Value": "ethereum"
			}
		},
		{
			"Key": "block_height",
			"Value": {
				"Type": "INT64",
				"Value": 0
			}
		},
		{
			"Key": "timestamp",
			"Value": {
				"Type": "STRING",
				"Value": "2022-05-25 18:06:01 +0800 CST"
			}
		},
		{
			"Key": "limit",
			"Value": {
				"Type": "INT64",
				"Value": 100
			}
		},
		{
			"Key": "network_symbol",
			"Value": {
				"Type": "STRING",
				"Value": "fantom"
			}
		},
		{
			"Key": "platform_symbol",
			"Value": {
				"Type": "STRING",
				"Value": "ethereum"
			}
		},
		{
			"Key": "profile_source_name",
			"Value": {
				"Type": "STRING",
				"Value": "Crossbell"
			}
		}
	],
	"Events": null,
	"Links": null,
	"Status": {
		"Code": "Unset",
		"Description": ""
	},
	"DroppedAttributes": 0,
	"DroppedEvents": 0,
	"DroppedLinks": 0,
	"ChildSpanCount": 2,
	"Resource": [
		{
			"Key": "service.name",
			"Value": {
				"Type": "STRING",
				"Value": "pregod-indexer"
			}
		},
		{
			"Key": "service.version",
			"Value": {
				"Type": "STRING",
				"Value": "v0.4.0"
			}
		}
	],
	"InstrumentationLibrary": {
		"Name": "crawler_moralis",
		"Version": "",
		"SchemaURL": ""
	}
}
{
	"Name": "set_erc20",
	"SpanContext": {
		"TraceID": "cbe1a6a9499adda3870e32151a023319",
		"SpanID": "85f3b786295d0a14",
		"TraceFlags": "01",
		"TraceState": "",
		"Remote": false
	},
	"Parent": {
		"TraceID": "cbe1a6a9499adda3870e32151a023319",
		"SpanID": "f31e3618226855cb",
		"TraceFlags": "01",
		"TraceState": "",
		"Remote": false
	},
	"SpanKind": 1,
	"StartTime": "0001-01-01T00:00:00Z",
	"EndTime": "0001-01-01T00:00:00Z",
	"Attributes": null,
	"Events": null,
	"Links": null,
	"Status": {
		"Code": "Unset",
		"Description": ""
	},
	"DroppedAttributes": 0,
	"DroppedEvents": 0,
	"DroppedLinks": 0,
	"ChildSpanCount": 0,
	"Resource": [
		{
			"Key": "service.name",
			"Value": {
				"Type": "STRING",
				"Value": "pregod-indexer"
			}
		},
		{
			"Key": "service.version",
			"Value": {
				"Type": "STRING",
				"Value": "v0.4.0"
			}
		}
	],
	"InstrumentationLibrary": {
		"Name": "crawler_moralis",
		"Version": "",
		"SchemaURL": ""
	}
}
{
	"Name": "work",
	"SpanContext": {
		"TraceID": "5b43cfbafcce4c6b1b3e514a6b678cc7",
		"SpanID": "b1d7a9903110f13f",
		"TraceFlags": "01",
		"TraceState": "",
		"Remote": false
	},
	"Parent": {
		"TraceID": "00000000000000000000000000000000",
		"SpanID": "0000000000000000",
		"TraceFlags": "00",
		"TraceState": "",
		"Remote": false
	},
	"SpanKind": 1,
	"StartTime": "0001-01-01T00:00:00Z",
	"EndTime": "0001-01-01T00:00:00Z",
	"Attributes": [
		{
			"Key": "identity",
			"Value": {
				"Type": "STRING",
				"Value": "0xc8b960d09c0078c18dcbe7eb9ab9d816bcca8944"
			}
		},
		{
			"Key": "owner_id",
			"Value": {
				"Type": "STRING",
				"Value": "0xc8b960d09c0078c18dcbe7eb9ab9d816bcca8944"
			}
		},
		{
			"Key": "owner_platform_id",
			"Value": {
				"Type": "STRING",
				"Value": "ethereum"
			}
		},
		{
			"Key": "block_height",
			"Value": {
				"Type": "INT64",
				"Value": 0
			}
		},
		{
			"Key": "timestamp",
			"Value": {
				"Type": "STRING",
				"Value": "2022-05-25 18:06:01 +0800 CST"
			}
		},
		{
			"Key": "limit",
			"Value": {
				"Type": "INT64",
				"Value": 100
			}
		},
		{
			"Key": "network_symbol",
			"Value": {
				"Type": "STRING",
				"Value": "ethereum"
			}
		},
		{
			"Key": "platform_symbol",
			"Value": {
				"Type": "STRING",
				"Value": "ethereum"
			}
		},
		{
			"Key": "profile_source_name",
			"Value": {
				"Type": "STRING",
				"Value": "Crossbell"
			}
		}
	],
	"Events": null,
	"Links": null,
	"Status": {
		"Code": "Unset",
		"Description": ""
	},
	"DroppedAttributes": 0,
	"DroppedEvents": 0,
	"DroppedLinks": 0,
	"ChildSpanCount": 2,
	"Resource": [
		{
			"Key": "service.name",
			"Value": {
				"Type": "STRING",
				"Value": "pregod-indexer"
			}
		},
		{
			"Key": "service.version",
			"Value": {
				"Type": "STRING",
				"Value": "v0.4.0"
			}
		}
	],
	"InstrumentationLibrary": {
		"Name": "crawler_moralis",
		"Version": "",
		"SchemaURL": ""
	}
}
{
	"Name": "work",
	"SpanContext": {
		"TraceID": "cbe1a6a9499adda3870e32151a023319",
		"SpanID": "f31e3618226855cb",
		"TraceFlags": "01",
		"TraceState": "",
		"Remote": false
	},
	"Parent": {
		"TraceID": "00000000000000000000000000000000",
		"SpanID": "0000000000000000",
		"TraceFlags": "00",
		"TraceState": "",
		"Remote": false
	},
	"SpanKind": 1,
	"StartTime": "0001-01-01T00:00:00Z",
	"EndTime": "0001-01-01T00:00:00Z",
	"Attributes": [
		{
			"Key": "identity",
			"Value": {
				"Type": "STRING",
				"Value": "0x8768515270aa67c624d3ea3b98ca464672c50183"
			}
		},
		{
			"Key": "owner_id",
			"Value": {
				"Type": "STRING",
				"Value": "0xc8b960d09c0078c18dcbe7eb9ab9d816bcca8944"
			}
		},
		{
			"Key": "owner_platform_id",
			"Value": {
				"Type": "STRING",
				"Value": "ethereum"
			}
		},
		{
			"Key": "block_height",
			"Value": {
				"Type": "INT64",
				"Value": 0
			}
		},
		{
			"Key": "timestamp",
			"Value": {
				"Type": "STRING",
				"Value": "2022-05-25 18:06:01 +0800 CST"
			}
		},
		{
			"Key": "limit",
			"Value": {
				"Type": "INT64",
				"Value": 100
			}
		},
		{
			"Key": "network_symbol",
			"Value": {
				"Type": "STRING",
				"Value": "ethereum"
			}
		},
		{
			"Key": "platform_symbol",
			"Value": {
				"Type": "STRING",
				"Value": "ethereum"
			}
		},
		{
			"Key": "profile_source_name",
			"Value": {
				"Type": "STRING",
				"Value": "Crossbell"
			}
		}
	],
	"Events": null,
	"Links": null,
	"Status": {
		"Code": "Unset",
		"Description": ""
	},
	"DroppedAttributes": 0,
	"DroppedEvents": 0,
	"DroppedLinks": 0,
	"ChildSpanCount": 2,
	"Resource": [
		{
			"Key": "service.name",
			"Value": {
				"Type": "STRING",
				"Value": "pregod-indexer"
			}
		},
		{
			"Key": "service.version",
			"Value": {
				"Type": "STRING",
				"Value": "v0.4.0"
			}
		}
	],
	"InstrumentationLibrary": {
		"Name": "crawler_moralis",
		"Version": "",
		"SchemaURL": ""
	}
}
{
	"Name": "work",
	"SpanContext": {
		"TraceID": "9406f045322d6c1a1ff6b5e9664dfde4",
		"SpanID": "5c4df3d1df6a1109",
		"TraceFlags": "01",
		"TraceState": "",
		"Remote": false
	},
	"Parent": {
		"TraceID": "00000000000000000000000000000000",
		"SpanID": "0000000000000000",
		"TraceFlags": "00",
		"TraceState": "",
		"Remote": false
	},
	"SpanKind": 1,
	"StartTime": "0001-01-01T00:00:00Z",
	"EndTime": "0001-01-01T00:00:00Z",
	"Attributes": [
		{
			"Key": "identity",
			"Value": {
				"Type": "STRING",
				"Value": "0xc8b960d09c0078c18dcbe7eb9ab9d816bcca8944"
			}
		},
		{
			"Key": "owner_id",
			"Value": {
				"Type": "STRING",
				"Value": "0xc8b960d09c0078c18dcbe7eb9ab9d816bcca8944"
			}
		},
		{
			"Key": "owner_platform_id",
			"Value": {
				"Type": "STRING",
				"Value": "ethereum"
			}
		},
		{
			"Key": "block_height",
			"Value": {
				"Type": "INT64",
				"Value": 0
			}
		},
		{
			"Key": "timestamp",
			"Value": {
				"Type": "STRING",
				"Value": "2022-05-25 18:06:01 +0800 CST"
			}
		},
		{
			"Key": "limit",
			"Value": {
				"Type": "INT64",
				"Value": 100
			}
		},
		{
			"Key": "network_symbol",
			"Value": {
				"Type": "STRING",
				"Value": "fantom"
			}
		},
		{
			"Key": "platform_symbol",
			"Value": {
				"Type": "STRING",
				"Value": "ethereum"
			}
		},
		{
			"Key": "profile_source_name",
			"Value": {
				"Type": "STRING",
				"Value": "Crossbell"
			}
		}
	],
	"Events": null,
	"Links": null,
	"Status": {
		"Code": "Unset",
		"Description": ""
	},
	"DroppedAttributes": 0,
	"DroppedEvents": 0,
	"DroppedLinks": 0,
	"ChildSpanCount": 2,
	"Resource": [
		{
			"Key": "service.name",
			"Value": {
				"Type": "STRING",
				"Value": "pregod-indexer"
			}
		},
		{
			"Key": "service.version",
			"Value": {
				"Type": "STRING",
				"Value": "v0.4.0"
			}
		}
	],
	"InstrumentationLibrary": {
		"Name": "crawler_moralis",
		"Version": "",
		"SchemaURL": ""
	}
}
{
	"Name": "set_nft_transfers",
	"SpanContext": {
		"TraceID": "41f54317401083860b63f74ab75f6175",
		"SpanID": "85b4d6b04ea369cd",
		"TraceFlags": "01",
		"TraceState": "",
		"Remote": false
	},
	"Parent": {
		"TraceID": "41f54317401083860b63f74ab75f6175",
		"SpanID": "c156b3fbba165c0f",
		"TraceFlags": "01",
		"TraceState": "",
		"Remote": false
	},
	"SpanKind": 1,
	"StartTime": "0001-01-01T00:00:00Z",
	"EndTime": "0001-01-01T00:00:00Z",
	"Attributes": null,
	"Events": null,
	"Links": null,
	"Status": {
		"Code": "Unset",
		"Description": ""
	},
	"DroppedAttributes": 0,
	"DroppedEvents": 0,
	"DroppedLinks": 0,
	"ChildSpanCount": 0,
	"Resource": [
		{
			"Key": "service.name",
			"Value": {
				"Type": "STRING",
				"Value": "pregod-indexer"
			}
		},
		{
			"Key": "service.version",
			"Value": {
				"Type": "STRING",
				"Value": "v0.4.0"
			}
		}
	],
	"InstrumentationLibrary": {
		"Name": "crawler_moralis",
		"Version": "",
		"SchemaURL": ""
	}
}
{
	"Name": "set_erc20",
	"SpanContext": {
		"TraceID": "817c1b730249175c980fc27db92a4a0b",
		"SpanID": "1c3ae3ebfd083383",
		"TraceFlags": "01",
		"TraceState": "",
		"Remote": false
	},
	"Parent": {
		"TraceID": "817c1b730249175c980fc27db92a4a0b",
		"SpanID": "33fbeb96044efe8a",
		"TraceFlags": "01",
		"TraceState": "",
		"Remote": false
	},
	"SpanKind": 1,
	"StartTime": "0001-01-01T00:00:00Z",
	"EndTime": "0001-01-01T00:00:00Z",
	"Attributes": null,
	"Events": null,
	"Links": null,
	"Status": {
		"Code": "Unset",
		"Description": ""
	},
	"DroppedAttributes": 0,
	"DroppedEvents": 0,
	"DroppedLinks": 0,
	"ChildSpanCount": 0,
	"Resource": [
		{
			"Key": "service.name",
			"Value": {
				"Type": "STRING",
				"Value": "pregod-indexer"
			}
		},
		{
			"Key": "service.version",
			"Value": {
				"Type": "STRING",
				"Value": "v0.4.0"
			}
		}
	],
	"InstrumentationLibrary": {
		"Name": "crawler_moralis",
		"Version": "",
		"SchemaURL": ""
	}
}
{
	"Name": "work",
	"SpanContext": {
		"TraceID": "817c1b730249175c980fc27db92a4a0b",
		"SpanID": "33fbeb96044efe8a",
		"TraceFlags": "01",
		"TraceState": "",
		"Remote": false
	},
	"Parent": {
		"TraceID": "00000000000000000000000000000000",
		"SpanID": "0000000000000000",
		"TraceFlags": "00",
		"TraceState": "",
		"Remote": false
	},
	"SpanKind": 1,
	"StartTime": "0001-01-01T00:00:00Z",
	"EndTime": "0001-01-01T00:00:00Z",
	"Attributes": [
		{
			"Key": "identity",
			"Value": {
				"Type": "STRING",
				"Value": "0xc8b960d09c0078c18dcbe7eb9ab9d816bcca8944"
			}
		},
		{
			"Key": "owner_id",
			"Value": {
				"Type": "STRING",
				"Value": "0xc8b960d09c0078c18dcbe7eb9ab9d816bcca8944"
			}
		},
		{
			"Key": "owner_platform_id",
			"Value": {
				"Type": "STRING",
				"Value": "ethereum"
			}
		},
		{
			"Key": "block_height",
			"Value": {
				"Type": "INT64",
				"Value": 0
			}
		},
		{
			"Key": "timestamp",
			"Value": {
				"Type": "STRING",
				"Value": "2022-05-25 18:06:01 +0800 CST"
			}
		},
		{
			"Key": "limit",
			"Value": {
				"Type": "INT64",
				"Value": 100
			}
		},
		{
			"Key": "network_symbol",
			"Value": {
				"Type": "STRING",
				"Value": "bnb"
			}
		},
		{
			"Key": "platform_symbol",
			"Value": {
				"Type": "STRING",
				"Value": "ethereum"
			}
		},
		{
			"Key": "profile_source_name",
			"Value": {
				"Type": "STRING",
				"Value": "Crossbell"
			}
		}
	],
	"Events": null,
	"Links": null,
	"Status": {
		"Code": "Unset",
		"Description": ""
	},
	"DroppedAttributes": 0,
	"DroppedEvents": 0,
	"DroppedLinks": 0,
	"ChildSpanCount": 2,
	"Resource": [
		{
			"Key": "service.name",
			"Value": {
				"Type": "STRING",
				"Value": "pregod-indexer"
			}
		},
		{
			"Key": "service.version",
			"Value": {
				"Type": "STRING",
				"Value": "v0.4.0"
			}
		}
	],
	"InstrumentationLibrary": {
		"Name": "crawler_moralis",
		"Version": "",
		"SchemaURL": ""
	}
}
{
	"Name": "set_erc20",
	"SpanContext": {
		"TraceID": "41f54317401083860b63f74ab75f6175",
		"SpanID": "64577ddc3f8d30a2",
		"TraceFlags": "01",
		"TraceState": "",
		"Remote": false
	},
	"Parent": {
		"TraceID": "41f54317401083860b63f74ab75f6175",
		"SpanID": "c156b3fbba165c0f",
		"TraceFlags": "01",
		"TraceState": "",
		"Remote": false
	},
	"SpanKind": 1,
	"StartTime": "0001-01-01T00:00:00Z",
	"EndTime": "0001-01-01T00:00:00Z",
	"Attributes": null,
	"Events": null,
	"Links": null,
	"Status": {
		"Code": "Unset",
		"Description": ""
	},
	"DroppedAttributes": 0,
	"DroppedEvents": 0,
	"DroppedLinks": 0,
	"ChildSpanCount": 0,
	"Resource": [
		{
			"Key": "service.name",
			"Value": {
				"Type": "STRING",
				"Value": "pregod-indexer"
			}
		},
		{
			"Key": "service.version",
			"Value": {
				"Type": "STRING",
				"Value": "v0.4.0"
			}
		}
	],
	"InstrumentationLibrary": {
		"Name": "crawler_moralis",
		"Version": "",
		"SchemaURL": ""
	}
}
{
	"Name": "work",
	"SpanContext": {
		"TraceID": "41f54317401083860b63f74ab75f6175",
		"SpanID": "c156b3fbba165c0f",
		"TraceFlags": "01",
		"TraceState": "",
		"Remote": false
	},
	"Parent": {
		"TraceID": "00000000000000000000000000000000",
		"SpanID": "0000000000000000",
		"TraceFlags": "00",
		"TraceState": "",
		"Remote": false
	},
	"SpanKind": 1,
	"StartTime": "0001-01-01T00:00:00Z",
	"EndTime": "0001-01-01T00:00:00Z",
	"Attributes": [
		{
			"Key": "identity",
			"Value": {
				"Type": "STRING",
				"Value": "0x8768515270aa67c624d3ea3b98ca464672c50183"
			}
		},
		{
			"Key": "owner_id",
			"Value": {
				"Type": "STRING",
				"Value": "0xc8b960d09c0078c18dcbe7eb9ab9d816bcca8944"
			}
		},
		{
			"Key": "owner_platform_id",
			"Value": {
				"Type": "STRING",
				"Value": "ethereum"
			}
		},
		{
			"Key": "block_height",
			"Value": {
				"Type": "INT64",
				"Value": 0
			}
		},
		{
			"Key": "timestamp",
			"Value": {
				"Type": "STRING",
				"Value": "2022-05-25 18:06:01 +0800 CST"
			}
		},
		{
			"Key": "limit",
			"Value": {
				"Type": "INT64",
				"Value": 100
			}
		},
		{
			"Key": "network_symbol",
			"Value": {
				"Type": "STRING",
				"Value": "polygon"
			}
		},
		{
			"Key": "platform_symbol",
			"Value": {
				"Type": "STRING",
				"Value": "ethereum"
			}
		},
		{
			"Key": "profile_source_name",
			"Value": {
				"Type": "STRING",
				"Value": "Crossbell"
			}
		}
	],
	"Events": null,
	"Links": null,
	"Status": {
		"Code": "Unset",
		"Description": ""
	},
	"DroppedAttributes": 0,
	"DroppedEvents": 0,
	"DroppedLinks": 0,
	"ChildSpanCount": 2,
	"Resource": [
		{
			"Key": "service.name",
			"Value": {
				"Type": "STRING",
				"Value": "pregod-indexer"
			}
		},
		{
			"Key": "service.version",
			"Value": {
				"Type": "STRING",
				"Value": "v0.4.0"
			}
		}
	],
	"InstrumentationLibrary": {
		"Name": "crawler_moralis",
		"Version": "",
		"SchemaURL": ""
	}
}
{
	"Name": "set_nft_transfers",
	"SpanContext": {
		"TraceID": "b06ce147da9a412e25ad5429ab12e1e6",
		"SpanID": "7afb4ac4e53df2f2",
		"TraceFlags": "01",
		"TraceState": "",
		"Remote": false
	},
	"Parent": {
		"TraceID": "b06ce147da9a412e25ad5429ab12e1e6",
		"SpanID": "fbf242e1312a3677",
		"TraceFlags": "01",
		"TraceState": "",
		"Remote": false
	},
	"SpanKind": 1,
	"StartTime": "0001-01-01T00:00:00Z",
	"EndTime": "0001-01-01T00:00:00Z",
	"Attributes": null,
	"Events": null,
	"Links": null,
	"Status": {
		"Code": "Unset",
		"Description": ""
	},
	"DroppedAttributes": 0,
	"DroppedEvents": 0,
	"DroppedLinks": 0,
	"ChildSpanCount": 0,
	"Resource": [
		{
			"Key": "service.name",
			"Value": {
				"Type": "STRING",
				"Value": "pregod-indexer"
			}
		},
		{
			"Key": "service.version",
			"Value": {
				"Type": "STRING",
				"Value": "v0.4.0"
			}
		}
	],
	"InstrumentationLibrary": {
		"Name": "crawler_moralis",
		"Version": "",
		"SchemaURL": ""
	}
}
{
	"Name": "set_erc20",
	"SpanContext": {
		"TraceID": "b06ce147da9a412e25ad5429ab12e1e6",
		"SpanID": "6c4f27c17c722bc9",
		"TraceFlags": "01",
		"TraceState": "",
		"Remote": false
	},
	"Parent": {
		"TraceID": "b06ce147da9a412e25ad5429ab12e1e6",
		"SpanID": "fbf242e1312a3677",
		"TraceFlags": "01",
		"TraceState": "",
		"Remote": false
	},
	"SpanKind": 1,
	"StartTime": "0001-01-01T00:00:00Z",
	"EndTime": "0001-01-01T00:00:00Z",
	"Attributes": null,
	"Events": null,
	"Links": null,
	"Status": {
		"Code": "Unset",
		"Description": ""
	},
	"DroppedAttributes": 0,
	"DroppedEvents": 0,
	"DroppedLinks": 0,
	"ChildSpanCount": 0,
	"Resource": [
		{
			"Key": "service.name",
			"Value": {
				"Type": "STRING",
				"Value": "pregod-indexer"
			}
		},
		{
			"Key": "service.version",
			"Value": {
				"Type": "STRING",
				"Value": "v0.4.0"
			}
		}
	],
	"InstrumentationLibrary": {
		"Name": "crawler_moralis",
		"Version": "",
		"SchemaURL": ""
	}
}
{
	"Name": "work",
	"SpanContext": {
		"TraceID": "b06ce147da9a412e25ad5429ab12e1e6",
		"SpanID": "fbf242e1312a3677",
		"TraceFlags": "01",
		"TraceState": "",
		"Remote": false
	},
	"Parent": {
		"TraceID": "00000000000000000000000000000000",
		"SpanID": "0000000000000000",
		"TraceFlags": "00",
		"TraceState": "",
		"Remote": false
	},
	"SpanKind": 1,
	"StartTime": "0001-01-01T00:00:00Z",
	"EndTime": "0001-01-01T00:00:00Z",
	"Attributes": [
		{
			"Key": "identity",
			"Value": {
				"Type": "STRING",
				"Value": "0x8768515270aa67c624d3ea3b98ca464672c50183"
			}
		},
		{
			"Key": "owner_id",
			"Value": {
				"Type": "STRING",
				"Value": "0xc8b960d09c0078c18dcbe7eb9ab9d816bcca8944"
			}
		},
		{
			"Key": "owner_platform_id",
			"Value": {
				"Type": "STRING",
				"Value": "ethereum"
			}
		},
		{
			"Key": "block_height",
			"Value": {
				"Type": "INT64",
				"Value": 0
			}
		},
		{
			"Key": "timestamp",
			"Value": {
				"Type": "STRING",
				"Value": "2022-05-25 18:06:01 +0800 CST"
			}
		},
		{
			"Key": "limit",
			"Value": {
				"Type": "INT64",
				"Value": 100
			}
		},
		{
			"Key": "network_symbol",
			"Value": {
				"Type": "STRING",
				"Value": "bnb"
			}
		},
		{
			"Key": "platform_symbol",
			"Value": {
				"Type": "STRING",
				"Value": "ethereum"
			}
		},
		{
			"Key": "profile_source_name",
			"Value": {
				"Type": "STRING",
				"Value": "Crossbell"
			}
		}
	],
	"Events": null,
	"Links": null,
	"Status": {
		"Code": "Unset",
		"Description": ""
	},
	"DroppedAttributes": 0,
	"DroppedEvents": 0,
	"DroppedLinks": 0,
	"ChildSpanCount": 2,
	"Resource": [
		{
			"Key": "service.name",
			"Value": {
				"Type": "STRING",
				"Value": "pregod-indexer"
			}
		},
		{
			"Key": "service.version",
			"Value": {
				"Type": "STRING",
				"Value": "v0.4.0"
			}
		}
	],
	"InstrumentationLibrary": {
		"Name": "crawler_moralis",
		"Version": "",
		"SchemaURL": ""
	}
}
{
	"Name": "set_nft_transfers",
	"SpanContext": {
		"TraceID": "8c1b2ab18700e1174bb7e698e08304fe",
		"SpanID": "f5c3fd5157561558",
		"TraceFlags": "01",
		"TraceState": "",
		"Remote": false
	},
	"Parent": {
		"TraceID": "8c1b2ab18700e1174bb7e698e08304fe",
		"SpanID": "00935e6597126fa6",
		"TraceFlags": "01",
		"TraceState": "",
		"Remote": false
	},
	"SpanKind": 1,
	"StartTime": "0001-01-01T00:00:00Z",
	"EndTime": "0001-01-01T00:00:00Z",
	"Attributes": null,
	"Events": null,
	"Links": null,
	"Status": {
		"Code": "Unset",
		"Description": ""
	},
	"DroppedAttributes": 0,
	"DroppedEvents": 0,
	"DroppedLinks": 0,
	"ChildSpanCount": 0,
	"Resource": [
		{
			"Key": "service.name",
			"Value": {
				"Type": "STRING",
				"Value": "pregod-indexer"
			}
		},
		{
			"Key": "service.version",
			"Value": {
				"Type": "STRING",
				"Value": "v0.4.0"
			}
		}
	],
	"InstrumentationLibrary": {
		"Name": "crawler_moralis",
		"Version": "",
		"SchemaURL": ""
	}
}
{
	"Name": "set_erc20",
	"SpanContext": {
		"TraceID": "8c1b2ab18700e1174bb7e698e08304fe",
		"SpanID": "93a3ef60c0ecbe0c",
		"TraceFlags": "01",
		"TraceState": "",
		"Remote": false
	},
	"Parent": {
		"TraceID": "8c1b2ab18700e1174bb7e698e08304fe",
		"SpanID": "00935e6597126fa6",
		"TraceFlags": "01",
		"TraceState": "",
		"Remote": false
	},
	"SpanKind": 1,
	"StartTime": "0001-01-01T00:00:00Z",
	"EndTime": "0001-01-01T00:00:00Z",
	"Attributes": null,
	"Events": null,
	"Links": null,
	"Status": {
		"Code": "Unset",
		"Description": ""
	},
	"DroppedAttributes": 0,
	"DroppedEvents": 0,
	"DroppedLinks": 0,
	"ChildSpanCount": 0,
	"Resource": [
		{
			"Key": "service.name",
			"Value": {
				"Type": "STRING",
				"Value": "pregod-indexer"
			}
		},
		{
			"Key": "service.version",
			"Value": {
				"Type": "STRING",
				"Value": "v0.4.0"
			}
		}
	],
	"InstrumentationLibrary": {
		"Name": "crawler_moralis",
		"Version": "",
		"SchemaURL": ""
	}
}
{
	"Name": "set_eth",
	"SpanContext": {
		"TraceID": "8c1b2ab18700e1174bb7e698e08304fe",
		"SpanID": "00964f2ae317d6df",
		"TraceFlags": "01",
		"TraceState": "",
		"Remote": false
	},
	"Parent": {
		"TraceID": "8c1b2ab18700e1174bb7e698e08304fe",
		"SpanID": "00935e6597126fa6",
		"TraceFlags": "01",
		"TraceState": "",
		"Remote": false
	},
	"SpanKind": 1,
	"StartTime": "0001-01-01T00:00:00Z",
	"EndTime": "0001-01-01T00:00:00Z",
	"Attributes": null,
	"Events": null,
	"Links": null,
	"Status": {
		"Code": "Unset",
		"Description": ""
	},
	"DroppedAttributes": 0,
	"DroppedEvents": 0,
	"DroppedLinks": 0,
	"ChildSpanCount": 0,
	"Resource": [
		{
			"Key": "service.name",
			"Value": {
				"Type": "STRING",
				"Value": "pregod-indexer"
			}
		},
		{
			"Key": "service.version",
			"Value": {
				"Type": "STRING",
				"Value": "v0.4.0"
			}
		}
	],
	"InstrumentationLibrary": {
		"Name": "crawler_moralis",
		"Version": "",
		"SchemaURL": ""
	}
}
{
	"Name": "set_nft_transfers",
	"SpanContext": {
		"TraceID": "a13663c74f977c2548656c30d27e193b",
		"SpanID": "cfbd50293e4d3123",
		"TraceFlags": "01",
		"TraceState": "",
		"Remote": false
	},
	"Parent": {
		"TraceID": "a13663c74f977c2548656c30d27e193b",
		"SpanID": "436199e6b1bd4797",
		"TraceFlags": "01",
		"TraceState": "",
		"Remote": false
	},
	"SpanKind": 1,
	"StartTime": "0001-01-01T00:00:00Z",
	"EndTime": "0001-01-01T00:00:00Z",
	"Attributes": null,
	"Events": null,
	"Links": null,
	"Status": {
		"Code": "Unset",
		"Description": ""
	},
	"DroppedAttributes": 0,
	"DroppedEvents": 0,
	"DroppedLinks": 0,
	"ChildSpanCount": 0,
	"Resource": [
		{
			"Key": "service.name",
			"Value": {
				"Type": "STRING",
				"Value": "pregod-indexer"
			}
		},
		{
			"Key": "service.version",
			"Value": {
				"Type": "STRING",
				"Value": "v0.4.0"
			}
		}
	],
	"InstrumentationLibrary": {
		"Name": "crawler_moralis",
		"Version": "",
		"SchemaURL": ""
	}
}
{
	"Name": "set_nft_transfers",
	"SpanContext": {
		"TraceID": "ca1ec43e82874cc3c0ed1455fa475763",
		"SpanID": "3a40f704de8a2991",
		"TraceFlags": "01",
		"TraceState": "",
		"Remote": false
	},
	"Parent": {
		"TraceID": "ca1ec43e82874cc3c0ed1455fa475763",
		"SpanID": "f5a6f03c8f5b0c9c",
		"TraceFlags": "01",
		"TraceState": "",
		"Remote": false
	},
	"SpanKind": 1,
	"StartTime": "0001-01-01T00:00:00Z",
	"EndTime": "0001-01-01T00:00:00Z",
	"Attributes": null,
	"Events": null,
	"Links": null,
	"Status": {
		"Code": "Unset",
		"Description": ""
	},
	"DroppedAttributes": 0,
	"DroppedEvents": 0,
	"DroppedLinks": 0,
	"ChildSpanCount": 0,
	"Resource": [
		{
			"Key": "service.name",
			"Value": {
				"Type": "STRING",
				"Value": "pregod-indexer"
			}
		},
		{
			"Key": "service.version",
			"Value": {
				"Type": "STRING",
				"Value": "v0.4.0"
			}
		}
	],
	"InstrumentationLibrary": {
		"Name": "crawler_moralis",
		"Version": "",
		"SchemaURL": ""
	}
}
{
	"Name": "set_nft_transfers",
	"SpanContext": {
		"TraceID": "a0540301e1f8aa7842b308b01ba546fa",
		"SpanID": "079dbde0246b5b76",
		"TraceFlags": "01",
		"TraceState": "",
		"Remote": false
	},
	"Parent": {
		"TraceID": "a0540301e1f8aa7842b308b01ba546fa",
		"SpanID": "2b14c2a22dcc15a5",
		"TraceFlags": "01",
		"TraceState": "",
		"Remote": false
	},
	"SpanKind": 1,
	"StartTime": "0001-01-01T00:00:00Z",
	"EndTime": "0001-01-01T00:00:00Z",
	"Attributes": null,
	"Events": null,
	"Links": null,
	"Status": {
		"Code": "Unset",
		"Description": ""
	},
	"DroppedAttributes": 0,
	"DroppedEvents": 0,
	"DroppedLinks": 0,
	"ChildSpanCount": 0,
	"Resource": [
		{
			"Key": "service.name",
			"Value": {
				"Type": "STRING",
				"Value": "pregod-indexer"
			}
		},
		{
			"Key": "service.version",
			"Value": {
				"Type": "STRING",
				"Value": "v0.4.0"
			}
		}
	],
	"InstrumentationLibrary": {
		"Name": "crawler_moralis",
		"Version": "",
		"SchemaURL": ""
	}
}
{
	"Name": "set_nft_transfers",
	"SpanContext": {
		"TraceID": "b94e6e43c277c0d8f4411e3ba2dbd621",
		"SpanID": "4bcd473c63b581f7",
		"TraceFlags": "01",
		"TraceState": "",
		"Remote": false
	},
	"Parent": {
		"TraceID": "b94e6e43c277c0d8f4411e3ba2dbd621",
		"SpanID": "95f7ab95c39474bd",
		"TraceFlags": "01",
		"TraceState": "",
		"Remote": false
	},
	"SpanKind": 1,
	"StartTime": "0001-01-01T00:00:00Z",
	"EndTime": "0001-01-01T00:00:00Z",
	"Attributes": null,
	"Events": null,
	"Links": null,
	"Status": {
		"Code": "Unset",
		"Description": ""
	},
	"DroppedAttributes": 0,
	"DroppedEvents": 0,
	"DroppedLinks": 0,
	"ChildSpanCount": 0,
	"Resource": [
		{
			"Key": "service.name",
			"Value": {
				"Type": "STRING",
				"Value": "pregod-indexer"
			}
		},
		{
			"Key": "service.version",
			"Value": {
				"Type": "STRING",
				"Value": "v0.4.0"
			}
		}
	],
	"InstrumentationLibrary": {
		"Name": "crawler_moralis",
		"Version": "",
		"SchemaURL": ""
	}
}
{
	"Name": "set_nft_transfers",
	"SpanContext": {
		"TraceID": "1c00b3acec91ee6fa427d9a9653e3768",
		"SpanID": "6c0eac424f896c7e",
		"TraceFlags": "01",
		"TraceState": "",
		"Remote": false
	},
	"Parent": {
		"TraceID": "1c00b3acec91ee6fa427d9a9653e3768",
		"SpanID": "bc432b5bdce502fd",
		"TraceFlags": "01",
		"TraceState": "",
		"Remote": false
	},
	"SpanKind": 1,
	"StartTime": "0001-01-01T00:00:00Z",
	"EndTime": "0001-01-01T00:00:00Z",
	"Attributes": null,
	"Events": null,
	"Links": null,
	"Status": {
		"Code": "Unset",
		"Description": ""
	},
	"DroppedAttributes": 0,
	"DroppedEvents": 0,
	"DroppedLinks": 0,
	"ChildSpanCount": 0,
	"Resource": [
		{
			"Key": "service.name",
			"Value": {
				"Type": "STRING",
				"Value": "pregod-indexer"
			}
		},
		{
			"Key": "service.version",
			"Value": {
				"Type": "STRING",
				"Value": "v0.4.0"
			}
		}
	],
	"InstrumentationLibrary": {
		"Name": "crawler_moralis",
		"Version": "",
		"SchemaURL": ""
	}
}
{
	"Name": "set_erc20",
	"SpanContext": {
		"TraceID": "a13663c74f977c2548656c30d27e193b",
		"SpanID": "d50cb03d6a4d6452",
		"TraceFlags": "01",
		"TraceState": "",
		"Remote": false
	},
	"Parent": {
		"TraceID": "a13663c74f977c2548656c30d27e193b",
		"SpanID": "436199e6b1bd4797",
		"TraceFlags": "01",
		"TraceState": "",
		"Remote": false
	},
	"SpanKind": 1,
	"StartTime": "0001-01-01T00:00:00Z",
	"EndTime": "0001-01-01T00:00:00Z",
	"Attributes": null,
	"Events": null,
	"Links": null,
	"Status": {
		"Code": "Unset",
		"Description": ""
	},
	"DroppedAttributes": 0,
	"DroppedEvents": 0,
	"DroppedLinks": 0,
	"ChildSpanCount": 0,
	"Resource": [
		{
			"Key": "service.name",
			"Value": {
				"Type": "STRING",
				"Value": "pregod-indexer"
			}
		},
		{
			"Key": "service.version",
			"Value": {
				"Type": "STRING",
				"Value": "v0.4.0"
			}
		}
	],
	"InstrumentationLibrary": {
		"Name": "crawler_moralis",
		"Version": "",
		"SchemaURL": ""
	}
}
{
	"Name": "work",
	"SpanContext": {
		"TraceID": "a13663c74f977c2548656c30d27e193b",
		"SpanID": "436199e6b1bd4797",
		"TraceFlags": "01",
		"TraceState": "",
		"Remote": false
	},
	"Parent": {
		"TraceID": "00000000000000000000000000000000",
		"SpanID": "0000000000000000",
		"TraceFlags": "00",
		"TraceState": "",
		"Remote": false
	},
	"SpanKind": 1,
	"StartTime": "0001-01-01T00:00:00Z",
	"EndTime": "0001-01-01T00:00:00Z",
	"Attributes": [
		{
			"Key": "identity",
			"Value": {
				"Type": "STRING",
				"Value": "0x8768515270aa67c624d3ea3b98ca464672c50183"
			}
		},
		{
			"Key": "owner_id",
			"Value": {
				"Type": "STRING",
				"Value": "0xc8b960d09c0078c18dcbe7eb9ab9d816bcca8944"
			}
		},
		{
			"Key": "owner_platform_id",
			"Value": {
				"Type": "STRING",
				"Value": "ethereum"
			}
		},
		{
			"Key": "block_height",
			"Value": {
				"Type": "INT64",
				"Value": 0
			}
		},
		{
			"Key": "timestamp",
			"Value": {
				"Type": "STRING",
				"Value": "2022-05-25 18:07:11 +0800 CST"
			}
		},
		{
			"Key": "limit",
			"Value": {
				"Type": "INT64",
				"Value": 100
			}
		},
		{
			"Key": "network_symbol",
			"Value": {
				"Type": "STRING",
				"Value": "fantom"
			}
		},
		{
			"Key": "platform_symbol",
			"Value": {
				"Type": "STRING",
				"Value": "ethereum"
			}
		},
		{
			"Key": "profile_source_name",
			"Value": {
				"Type": "STRING",
				"Value": "Crossbell"
			}
		}
	],
	"Events": null,
	"Links": null,
	"Status": {
		"Code": "Unset",
		"Description": ""
	},
	"DroppedAttributes": 0,
	"DroppedEvents": 0,
	"DroppedLinks": 0,
	"ChildSpanCount": 2,
	"Resource": [
		{
			"Key": "service.name",
			"Value": {
				"Type": "STRING",
				"Value": "pregod-indexer"
			}
		},
		{
			"Key": "service.version",
			"Value": {
				"Type": "STRING",
				"Value": "v0.4.0"
			}
		}
	],
	"InstrumentationLibrary": {
		"Name": "crawler_moralis",
		"Version": "",
		"SchemaURL": ""
	}
}
{
	"Name": "set_nft_transfers",
	"SpanContext": {
		"TraceID": "ed42bd2e446194eada82291596d828b2",
		"SpanID": "e075375edf5bffeb",
		"TraceFlags": "01",
		"TraceState": "",
		"Remote": false
	},
	"Parent": {
		"TraceID": "ed42bd2e446194eada82291596d828b2",
		"SpanID": "48ecdbff546b0ea3",
		"TraceFlags": "01",
		"TraceState": "",
		"Remote": false
	},
	"SpanKind": 1,
	"StartTime": "0001-01-01T00:00:00Z",
	"EndTime": "0001-01-01T00:00:00Z",
	"Attributes": null,
	"Events": null,
	"Links": null,
	"Status": {
		"Code": "Unset",
		"Description": ""
	},
	"DroppedAttributes": 0,
	"DroppedEvents": 0,
	"DroppedLinks": 0,
	"ChildSpanCount": 0,
	"Resource": [
		{
			"Key": "service.name",
			"Value": {
				"Type": "STRING",
				"Value": "pregod-indexer"
			}
		},
		{
			"Key": "service.version",
			"Value": {
				"Type": "STRING",
				"Value": "v0.4.0"
			}
		}
	],
	"InstrumentationLibrary": {
		"Name": "crawler_moralis",
		"Version": "",
		"SchemaURL": ""
	}
}
{
	"Name": "set_erc20",
	"SpanContext": {
		"TraceID": "a0540301e1f8aa7842b308b01ba546fa",
		"SpanID": "5509a31dc5d3e573",
		"TraceFlags": "01",
		"TraceState": "",
		"Remote": false
	},
	"Parent": {
		"TraceID": "a0540301e1f8aa7842b308b01ba546fa",
		"SpanID": "2b14c2a22dcc15a5",
		"TraceFlags": "01",
		"TraceState": "",
		"Remote": false
	},
	"SpanKind": 1,
	"StartTime": "0001-01-01T00:00:00Z",
	"EndTime": "0001-01-01T00:00:00Z",
	"Attributes": null,
	"Events": null,
	"Links": null,
	"Status": {
		"Code": "Unset",
		"Description": ""
	},
	"DroppedAttributes": 0,
	"DroppedEvents": 0,
	"DroppedLinks": 0,
	"ChildSpanCount": 0,
	"Resource": [
		{
			"Key": "service.name",
			"Value": {
				"Type": "STRING",
				"Value": "pregod-indexer"
			}
		},
		{
			"Key": "service.version",
			"Value": {
				"Type": "STRING",
				"Value": "v0.4.0"
			}
		}
	],
	"InstrumentationLibrary": {
		"Name": "crawler_moralis",
		"Version": "",
		"SchemaURL": ""
	}
}
{
	"Name": "work",
	"SpanContext": {
		"TraceID": "a0540301e1f8aa7842b308b01ba546fa",
		"SpanID": "2b14c2a22dcc15a5",
		"TraceFlags": "01",
		"TraceState": "",
		"Remote": false
	},
	"Parent": {
		"TraceID": "00000000000000000000000000000000",
		"SpanID": "0000000000000000",
		"TraceFlags": "00",
		"TraceState": "",
		"Remote": false
	},
	"SpanKind": 1,
	"StartTime": "0001-01-01T00:00:00Z",
	"EndTime": "0001-01-01T00:00:00Z",
	"Attributes": [
		{
			"Key": "identity",
			"Value": {
				"Type": "STRING",
				"Value": "0x8768515270aa67c624d3ea3b98ca464672c50183"
			}
		},
		{
			"Key": "owner_id",
			"Value": {
				"Type": "STRING",
				"Value": "0xc8b960d09c0078c18dcbe7eb9ab9d816bcca8944"
			}
		},
		{
			"Key": "owner_platform_id",
			"Value": {
				"Type": "STRING",
				"Value": "ethereum"
			}
		},
		{
			"Key": "block_height",
			"Value": {
				"Type": "INT64",
				"Value": 0
			}
		},
		{
			"Key": "timestamp",
			"Value": {
				"Type": "STRING",
				"Value": "2022-05-25 18:07:11 +0800 CST"
			}
		},
		{
			"Key": "limit",
			"Value": {
				"Type": "INT64",
				"Value": 100
			}
		},
		{
			"Key": "network_symbol",
			"Value": {
				"Type": "STRING",
				"Value": "bnb"
			}
		},
		{
			"Key": "platform_symbol",
			"Value": {
				"Type": "STRING",
				"Value": "ethereum"
			}
		},
		{
			"Key": "profile_source_name",
			"Value": {
				"Type": "STRING",
				"Value": "Crossbell"
			}
		}
	],
	"Events": null,
	"Links": null,
	"Status": {
		"Code": "Unset",
		"Description": ""
	},
	"DroppedAttributes": 0,
	"DroppedEvents": 0,
	"DroppedLinks": 0,
	"ChildSpanCount": 2,
	"Resource": [
		{
			"Key": "service.name",
			"Value": {
				"Type": "STRING",
				"Value": "pregod-indexer"
			}
		},
		{
			"Key": "service.version",
			"Value": {
				"Type": "STRING",
				"Value": "v0.4.0"
			}
		}
	],
	"InstrumentationLibrary": {
		"Name": "crawler_moralis",
		"Version": "",
		"SchemaURL": ""
	}
}
{
	"Name": "set_erc20",
	"SpanContext": {
		"TraceID": "ca1ec43e82874cc3c0ed1455fa475763",
		"SpanID": "54d6fb21a5abd04e",
		"TraceFlags": "01",
		"TraceState": "",
		"Remote": false
	},
	"Parent": {
		"TraceID": "ca1ec43e82874cc3c0ed1455fa475763",
		"SpanID": "f5a6f03c8f5b0c9c",
		"TraceFlags": "01",
		"TraceState": "",
		"Remote": false
	},
	"SpanKind": 1,
	"StartTime": "0001-01-01T00:00:00Z",
	"EndTime": "0001-01-01T00:00:00Z",
	"Attributes": null,
	"Events": null,
	"Links": null,
	"Status": {
		"Code": "Unset",
		"Description": ""
	},
	"DroppedAttributes": 0,
	"DroppedEvents": 0,
	"DroppedLinks": 0,
	"ChildSpanCount": 0,
	"Resource": [
		{
			"Key": "service.name",
			"Value": {
				"Type": "STRING",
				"Value": "pregod-indexer"
			}
		},
		{
			"Key": "service.version",
			"Value": {
				"Type": "STRING",
				"Value": "v0.4.0"
			}
		}
	],
	"InstrumentationLibrary": {
		"Name": "crawler_moralis",
		"Version": "",
		"SchemaURL": ""
	}
}
{
	"Name": "work",
	"SpanContext": {
		"TraceID": "ca1ec43e82874cc3c0ed1455fa475763",
		"SpanID": "f5a6f03c8f5b0c9c",
		"TraceFlags": "01",
		"TraceState": "",
		"Remote": false
	},
	"Parent": {
		"TraceID": "00000000000000000000000000000000",
		"SpanID": "0000000000000000",
		"TraceFlags": "00",
		"TraceState": "",
		"Remote": false
	},
	"SpanKind": 1,
	"StartTime": "0001-01-01T00:00:00Z",
	"EndTime": "0001-01-01T00:00:00Z",
	"Attributes": [
		{
			"Key": "identity",
			"Value": {
				"Type": "STRING",
				"Value": "0xc8b960d09c0078c18dcbe7eb9ab9d816bcca8944"
			}
		},
		{
			"Key": "owner_id",
			"Value": {
				"Type": "STRING",
				"Value": "0xc8b960d09c0078c18dcbe7eb9ab9d816bcca8944"
			}
		},
		{
			"Key": "owner_platform_id",
			"Value": {
				"Type": "STRING",
				"Value": "ethereum"
			}
		},
		{
			"Key": "block_height",
			"Value": {
				"Type": "INT64",
				"Value": 0
			}
		},
		{
			"Key": "timestamp",
			"Value": {
				"Type": "STRING",
				"Value": "2022-05-25 18:07:11 +0800 CST"
			}
		},
		{
			"Key": "limit",
			"Value": {
				"Type": "INT64",
				"Value": 100
			}
		},
		{
			"Key": "network_symbol",
			"Value": {
				"Type": "STRING",
				"Value": "fantom"
			}
		},
		{
			"Key": "platform_symbol",
			"Value": {
				"Type": "STRING",
				"Value": "ethereum"
			}
		},
		{
			"Key": "profile_source_name",
			"Value": {
				"Type": "STRING",
				"Value": "Crossbell"
			}
		}
	],
	"Events": null,
	"Links": null,
	"Status": {
		"Code": "Unset",
		"Description": ""
	},
	"DroppedAttributes": 0,
	"DroppedEvents": 0,
	"DroppedLinks": 0,
	"ChildSpanCount": 2,
	"Resource": [
		{
			"Key": "service.name",
			"Value": {
				"Type": "STRING",
				"Value": "pregod-indexer"
			}
		},
		{
			"Key": "service.version",
			"Value": {
				"Type": "STRING",
				"Value": "v0.4.0"
			}
		}
	],
	"InstrumentationLibrary": {
		"Name": "crawler_moralis",
		"Version": "",
		"SchemaURL": ""
	}
}
{
	"Name": "set_erc20",
	"SpanContext": {
		"TraceID": "b94e6e43c277c0d8f4411e3ba2dbd621",
		"SpanID": "b7595492cacde417",
		"TraceFlags": "01",
		"TraceState": "",
		"Remote": false
	},
	"Parent": {
		"TraceID": "b94e6e43c277c0d8f4411e3ba2dbd621",
		"SpanID": "95f7ab95c39474bd",
		"TraceFlags": "01",
		"TraceState": "",
		"Remote": false
	},
	"SpanKind": 1,
	"StartTime": "0001-01-01T00:00:00Z",
	"EndTime": "0001-01-01T00:00:00Z",
	"Attributes": null,
	"Events": null,
	"Links": null,
	"Status": {
		"Code": "Unset",
		"Description": ""
	},
	"DroppedAttributes": 0,
	"DroppedEvents": 0,
	"DroppedLinks": 0,
	"ChildSpanCount": 0,
	"Resource": [
		{
			"Key": "service.name",
			"Value": {
				"Type": "STRING",
				"Value": "pregod-indexer"
			}
		},
		{
			"Key": "service.version",
			"Value": {
				"Type": "STRING",
				"Value": "v0.4.0"
			}
		}
	],
	"InstrumentationLibrary": {
		"Name": "crawler_moralis",
		"Version": "",
		"SchemaURL": ""
	}
}
{
	"Name": "work",
	"SpanContext": {
		"TraceID": "b94e6e43c277c0d8f4411e3ba2dbd621",
		"SpanID": "95f7ab95c39474bd",
		"TraceFlags": "01",
		"TraceState": "",
		"Remote": false
	},
	"Parent": {
		"TraceID": "00000000000000000000000000000000",
		"SpanID": "0000000000000000",
		"TraceFlags": "00",
		"TraceState": "",
		"Remote": false
	},
	"SpanKind": 1,
	"StartTime": "0001-01-01T00:00:00Z",
	"EndTime": "0001-01-01T00:00:00Z",
	"Attributes": [
		{
			"Key": "identity",
			"Value": {
				"Type": "STRING",
				"Value": "0xc8b960d09c0078c18dcbe7eb9ab9d816bcca8944"
			}
		},
		{
			"Key": "owner_id",
			"Value": {
				"Type": "STRING",
				"Value": "0xc8b960d09c0078c18dcbe7eb9ab9d816bcca8944"
			}
		},
		{
			"Key": "owner_platform_id",
			"Value": {
				"Type": "STRING",
				"Value": "ethereum"
			}
		},
		{
			"Key": "block_height",
			"Value": {
				"Type": "INT64",
				"Value": 0
			}
		},
		{
			"Key": "timestamp",
			"Value": {
				"Type": "STRING",
				"Value": "2022-05-25 18:07:11 +0800 CST"
			}
		},
		{
			"Key": "limit",
			"Value": {
				"Type": "INT64",
				"Value": 100
			}
		},
		{
			"Key": "network_symbol",
			"Value": {
				"Type": "STRING",
				"Value": "bnb"
			}
		},
		{
			"Key": "platform_symbol",
			"Value": {
				"Type": "STRING",
				"Value": "ethereum"
			}
		},
		{
			"Key": "profile_source_name",
			"Value": {
				"Type": "STRING",
				"Value": "Crossbell"
			}
		}
	],
	"Events": null,
	"Links": null,
	"Status": {
		"Code": "Unset",
		"Description": ""
	},
	"DroppedAttributes": 0,
	"DroppedEvents": 0,
	"DroppedLinks": 0,
	"ChildSpanCount": 2,
	"Resource": [
		{
			"Key": "service.name",
			"Value": {
				"Type": "STRING",
				"Value": "pregod-indexer"
			}
		},
		{
			"Key": "service.version",
			"Value": {
				"Type": "STRING",
				"Value": "v0.4.0"
			}
		}
	],
	"InstrumentationLibrary": {
		"Name": "crawler_moralis",
		"Version": "",
		"SchemaURL": ""
	}
}
{
	"Name": "set_erc20",
	"SpanContext": {
		"TraceID": "ed42bd2e446194eada82291596d828b2",
		"SpanID": "218c8b3b888ccada",
		"TraceFlags": "01",
		"TraceState": "",
		"Remote": false
	},
	"Parent": {
		"TraceID": "ed42bd2e446194eada82291596d828b2",
		"SpanID": "48ecdbff546b0ea3",
		"TraceFlags": "01",
		"TraceState": "",
		"Remote": false
	},
	"SpanKind": 1,
	"StartTime": "0001-01-01T00:00:00Z",
	"EndTime": "0001-01-01T00:00:00Z",
	"Attributes": null,
	"Events": null,
	"Links": null,
	"Status": {
		"Code": "Unset",
		"Description": ""
	},
	"DroppedAttributes": 0,
	"DroppedEvents": 0,
	"DroppedLinks": 0,
	"ChildSpanCount": 0,
	"Resource": [
		{
			"Key": "service.name",
			"Value": {
				"Type": "STRING",
				"Value": "pregod-indexer"
			}
		},
		{
			"Key": "service.version",
			"Value": {
				"Type": "STRING",
				"Value": "v0.4.0"
			}
		}
	],
	"InstrumentationLibrary": {
		"Name": "crawler_moralis",
		"Version": "",
		"SchemaURL": ""
	}
}
{
	"Name": "work",
	"SpanContext": {
		"TraceID": "ed42bd2e446194eada82291596d828b2",
		"SpanID": "48ecdbff546b0ea3",
		"TraceFlags": "01",
		"TraceState": "",
		"Remote": false
	},
	"Parent": {
		"TraceID": "00000000000000000000000000000000",
		"SpanID": "0000000000000000",
		"TraceFlags": "00",
		"TraceState": "",
		"Remote": false
	},
	"SpanKind": 1,
	"StartTime": "0001-01-01T00:00:00Z",
	"EndTime": "0001-01-01T00:00:00Z",
	"Attributes": [
		{
			"Key": "identity",
			"Value": {
				"Type": "STRING",
				"Value": "0x8768515270aa67c624d3ea3b98ca464672c50183"
			}
		},
		{
			"Key": "owner_id",
			"Value": {
				"Type": "STRING",
				"Value": "0xc8b960d09c0078c18dcbe7eb9ab9d816bcca8944"
			}
		},
		{
			"Key": "owner_platform_id",
			"Value": {
				"Type": "STRING",
				"Value": "ethereum"
			}
		},
		{
			"Key": "block_height",
			"Value": {
				"Type": "INT64",
				"Value": 0
			}
		},
		{
			"Key": "timestamp",
			"Value": {
				"Type": "STRING",
				"Value": "2022-05-25 18:07:11 +0800 CST"
			}
		},
		{
			"Key": "limit",
			"Value": {
				"Type": "INT64",
				"Value": 100
			}
		},
		{
			"Key": "network_symbol",
			"Value": {
				"Type": "STRING",
				"Value": "polygon"
			}
		},
		{
			"Key": "platform_symbol",
			"Value": {
				"Type": "STRING",
				"Value": "ethereum"
			}
		},
		{
			"Key": "profile_source_name",
			"Value": {
				"Type": "STRING",
				"Value": "Crossbell"
			}
		}
	],
	"Events": null,
	"Links": null,
	"Status": {
		"Code": "Unset",
		"Description": ""
	},
	"DroppedAttributes": 0,
	"DroppedEvents": 0,
	"DroppedLinks": 0,
	"ChildSpanCount": 2,
	"Resource": [
		{
			"Key": "service.name",
			"Value": {
				"Type": "STRING",
				"Value": "pregod-indexer"
			}
		},
		{
			"Key": "service.version",
			"Value": {
				"Type": "STRING",
				"Value": "v0.4.0"
			}
		}
	],
	"InstrumentationLibrary": {
		"Name": "crawler_moralis",
		"Version": "",
		"SchemaURL": ""
	}
}
{
	"Name": "set_erc20",
	"SpanContext": {
		"TraceID": "1c00b3acec91ee6fa427d9a9653e3768",
		"SpanID": "a989f25098d5cbe6",
		"TraceFlags": "01",
		"TraceState": "",
		"Remote": false
	},
	"Parent": {
		"TraceID": "1c00b3acec91ee6fa427d9a9653e3768",
		"SpanID": "bc432b5bdce502fd",
		"TraceFlags": "01",
		"TraceState": "",
		"Remote": false
	},
	"SpanKind": 1,
	"StartTime": "0001-01-01T00:00:00Z",
	"EndTime": "0001-01-01T00:00:00Z",
	"Attributes": null,
	"Events": null,
	"Links": null,
	"Status": {
		"Code": "Unset",
		"Description": ""
	},
	"DroppedAttributes": 0,
	"DroppedEvents": 0,
	"DroppedLinks": 0,
	"ChildSpanCount": 0,
	"Resource": [
		{
			"Key": "service.name",
			"Value": {
				"Type": "STRING",
				"Value": "pregod-indexer"
			}
		},
		{
			"Key": "service.version",
			"Value": {
				"Type": "STRING",
				"Value": "v0.4.0"
			}
		}
	],
	"InstrumentationLibrary": {
		"Name": "crawler_moralis",
		"Version": "",
		"SchemaURL": ""
	}
}
{
	"Name": "work",
	"SpanContext": {
		"TraceID": "1c00b3acec91ee6fa427d9a9653e3768",
		"SpanID": "bc432b5bdce502fd",
		"TraceFlags": "01",
		"TraceState": "",
		"Remote": false
	},
	"Parent": {
		"TraceID": "00000000000000000000000000000000",
		"SpanID": "0000000000000000",
		"TraceFlags": "00",
		"TraceState": "",
		"Remote": false
	},
	"SpanKind": 1,
	"StartTime": "0001-01-01T00:00:00Z",
	"EndTime": "0001-01-01T00:00:00Z",
	"Attributes": [
		{
			"Key": "identity",
			"Value": {
				"Type": "STRING",
				"Value": "0x8768515270aa67c624d3ea3b98ca464672c50183"
			}
		},
		{
			"Key": "owner_id",
			"Value": {
				"Type": "STRING",
				"Value": "0xc8b960d09c0078c18dcbe7eb9ab9d816bcca8944"
			}
		},
		{
			"Key": "owner_platform_id",
			"Value": {
				"Type": "STRING",
				"Value": "ethereum"
			}
		},
		{
			"Key": "block_height",
			"Value": {
				"Type": "INT64",
				"Value": 0
			}
		},
		{
			"Key": "timestamp",
			"Value": {
				"Type": "STRING",
				"Value": "2022-05-25 18:07:11 +0800 CST"
			}
		},
		{
			"Key": "limit",
			"Value": {
				"Type": "INT64",
				"Value": 100
			}
		},
		{
			"Key": "network_symbol",
			"Value": {
				"Type": "STRING",
				"Value": "ethereum"
			}
		},
		{
			"Key": "platform_symbol",
			"Value": {
				"Type": "STRING",
				"Value": "ethereum"
			}
		},
		{
			"Key": "profile_source_name",
			"Value": {
				"Type": "STRING",
				"Value": "Crossbell"
			}
		}
	],
	"Events": null,
	"Links": null,
	"Status": {
		"Code": "Unset",
		"Description": ""
	},
	"DroppedAttributes": 0,
	"DroppedEvents": 0,
	"DroppedLinks": 0,
	"ChildSpanCount": 2,
	"Resource": [
		{
			"Key": "service.name",
			"Value": {
				"Type": "STRING",
				"Value": "pregod-indexer"
			}
		},
		{
			"Key": "service.version",
			"Value": {
				"Type": "STRING",
				"Value": "v0.4.0"
			}
		}
	],
	"InstrumentationLibrary": {
		"Name": "crawler_moralis",
		"Version": "",
		"SchemaURL": ""
	}
}
{
	"Name": "set_nft_transfers",
	"SpanContext": {
		"TraceID": "636354923d861dd17d3b115148c62e44",
		"SpanID": "17ee12d06bab959f",
		"TraceFlags": "01",
		"TraceState": "",
		"Remote": false
	},
	"Parent": {
		"TraceID": "636354923d861dd17d3b115148c62e44",
		"SpanID": "606a0579b248c361",
		"TraceFlags": "01",
		"TraceState": "",
		"Remote": false
	},
	"SpanKind": 1,
	"StartTime": "0001-01-01T00:00:00Z",
	"EndTime": "0001-01-01T00:00:00Z",
	"Attributes": null,
	"Events": null,
	"Links": null,
	"Status": {
		"Code": "Unset",
		"Description": ""
	},
	"DroppedAttributes": 0,
	"DroppedEvents": 0,
	"DroppedLinks": 0,
	"ChildSpanCount": 0,
	"Resource": [
		{
			"Key": "service.name",
			"Value": {
				"Type": "STRING",
				"Value": "pregod-indexer"
			}
		},
		{
			"Key": "service.version",
			"Value": {
				"Type": "STRING",
				"Value": "v0.4.0"
			}
		}
	],
	"InstrumentationLibrary": {
		"Name": "crawler_moralis",
		"Version": "",
		"SchemaURL": ""
	}
}
{
	"Name": "set_erc20",
	"SpanContext": {
		"TraceID": "636354923d861dd17d3b115148c62e44",
		"SpanID": "c42d3dfd51934de2",
		"TraceFlags": "01",
		"TraceState": "",
		"Remote": false
	},
	"Parent": {
		"TraceID": "636354923d861dd17d3b115148c62e44",
		"SpanID": "606a0579b248c361",
		"TraceFlags": "01",
		"TraceState": "",
		"Remote": false
	},
	"SpanKind": 1,
	"StartTime": "0001-01-01T00:00:00Z",
	"EndTime": "0001-01-01T00:00:00Z",
	"Attributes": null,
	"Events": null,
	"Links": null,
	"Status": {
		"Code": "Unset",
		"Description": ""
	},
	"DroppedAttributes": 0,
	"DroppedEvents": 0,
	"DroppedLinks": 0,
	"ChildSpanCount": 0,
	"Resource": [
		{
			"Key": "service.name",
			"Value": {
				"Type": "STRING",
				"Value": "pregod-indexer"
			}
		},
		{
			"Key": "service.version",
			"Value": {
				"Type": "STRING",
				"Value": "v0.4.0"
			}
		}
	],
	"InstrumentationLibrary": {
		"Name": "crawler_moralis",
		"Version": "",
		"SchemaURL": ""
	}
}
{
	"Name": "set_eth",
	"SpanContext": {
		"TraceID": "636354923d861dd17d3b115148c62e44",
		"SpanID": "b9d9bea281189345",
		"TraceFlags": "01",
		"TraceState": "",
		"Remote": false
	},
	"Parent": {
		"TraceID": "636354923d861dd17d3b115148c62e44",
		"SpanID": "606a0579b248c361",
		"TraceFlags": "01",
		"TraceState": "",
		"Remote": false
	},
	"SpanKind": 1,
	"StartTime": "0001-01-01T00:00:00Z",
	"EndTime": "0001-01-01T00:00:00Z",
	"Attributes": null,
	"Events": null,
	"Links": null,
	"Status": {
		"Code": "Unset",
		"Description": ""
	},
	"DroppedAttributes": 0,
	"DroppedEvents": 0,
	"DroppedLinks": 0,
	"ChildSpanCount": 0,
	"Resource": [
		{
			"Key": "service.name",
			"Value": {
				"Type": "STRING",
				"Value": "pregod-indexer"
			}
		},
		{
			"Key": "service.version",
			"Value": {
				"Type": "STRING",
				"Value": "v0.4.0"
			}
		}
	],
	"InstrumentationLibrary": {
		"Name": "crawler_moralis",
		"Version": "",
		"SchemaURL": ""
	}
}
{
	"Name": "set_nft_transfers",
	"SpanContext": {
		"TraceID": "28c242bff7a4021370db47bb5fa72149",
		"SpanID": "01b7925a76cc459e",
		"TraceFlags": "01",
		"TraceState": "",
		"Remote": false
	},
	"Parent": {
		"TraceID": "28c242bff7a4021370db47bb5fa72149",
		"SpanID": "b3b9ba8b254b7c22",
		"TraceFlags": "01",
		"TraceState": "",
		"Remote": false
	},
	"SpanKind": 1,
	"StartTime": "0001-01-01T00:00:00Z",
	"EndTime": "0001-01-01T00:00:00Z",
	"Attributes": null,
	"Events": null,
	"Links": null,
	"Status": {
		"Code": "Unset",
		"Description": ""
	},
	"DroppedAttributes": 0,
	"DroppedEvents": 0,
	"DroppedLinks": 0,
	"ChildSpanCount": 0,
	"Resource": [
		{
			"Key": "service.name",
			"Value": {
				"Type": "STRING",
				"Value": "pregod-indexer"
			}
		},
		{
			"Key": "service.version",
			"Value": {
				"Type": "STRING",
				"Value": "v0.4.0"
			}
		}
	],
	"InstrumentationLibrary": {
		"Name": "crawler_moralis",
		"Version": "",
		"SchemaURL": ""
	}
}
{
	"Name": "set_erc20",
	"SpanContext": {
		"TraceID": "28c242bff7a4021370db47bb5fa72149",
		"SpanID": "07b0a03376250df9",
		"TraceFlags": "01",
		"TraceState": "",
		"Remote": false
	},
	"Parent": {
		"TraceID": "28c242bff7a4021370db47bb5fa72149",
		"SpanID": "b3b9ba8b254b7c22",
		"TraceFlags": "01",
		"TraceState": "",
		"Remote": false
	},
	"SpanKind": 1,
	"StartTime": "0001-01-01T00:00:00Z",
	"EndTime": "0001-01-01T00:00:00Z",
	"Attributes": null,
	"Events": null,
	"Links": null,
	"Status": {
		"Code": "Unset",
		"Description": ""
	},
	"DroppedAttributes": 0,
	"DroppedEvents": 0,
	"DroppedLinks": 0,
	"ChildSpanCount": 0,
	"Resource": [
		{
			"Key": "service.name",
			"Value": {
				"Type": "STRING",
				"Value": "pregod-indexer"
			}
		},
		{
			"Key": "service.version",
			"Value": {
				"Type": "STRING",
				"Value": "v0.4.0"
			}
		}
	],
	"InstrumentationLibrary": {
		"Name": "crawler_moralis",
		"Version": "",
		"SchemaURL": ""
	}
}
{
	"Name": "set_eth",
	"SpanContext": {
		"TraceID": "28c242bff7a4021370db47bb5fa72149",
		"SpanID": "68190e2c899449bf",
		"TraceFlags": "01",
		"TraceState": "",
		"Remote": false
	},
	"Parent": {
		"TraceID": "28c242bff7a4021370db47bb5fa72149",
		"SpanID": "b3b9ba8b254b7c22",
		"TraceFlags": "01",
		"TraceState": "",
		"Remote": false
	},
	"SpanKind": 1,
	"StartTime": "0001-01-01T00:00:00Z",
	"EndTime": "0001-01-01T00:00:00Z",
	"Attributes": null,
	"Events": null,
	"Links": null,
	"Status": {
		"Code": "Unset",
		"Description": ""
	},
	"DroppedAttributes": 0,
	"DroppedEvents": 0,
	"DroppedLinks": 0,
	"ChildSpanCount": 0,
	"Resource": [
		{
			"Key": "service.name",
			"Value": {
				"Type": "STRING",
				"Value": "pregod-indexer"
			}
		},
		{
			"Key": "service.version",
			"Value": {
				"Type": "STRING",
				"Value": "v0.4.0"
			}
		}
	],
	"InstrumentationLibrary": {
		"Name": "crawler_moralis",
		"Version": "",
		"SchemaURL": ""
	}
}
{
	"Name": "complete_mime_types_for_items",
	"SpanContext": {
		"TraceID": "28c242bff7a4021370db47bb5fa72149",
		"SpanID": "39734167915efe42",
		"TraceFlags": "01",
		"TraceState": "",
		"Remote": false
	},
	"Parent": {
		"TraceID": "28c242bff7a4021370db47bb5fa72149",
		"SpanID": "b3b9ba8b254b7c22",
		"TraceFlags": "01",
		"TraceState": "",
		"Remote": false
	},
	"SpanKind": 1,
	"StartTime": "0001-01-01T00:00:00Z",
	"EndTime": "0001-01-01T00:00:00Z",
	"Attributes": null,
	"Events": null,
	"Links": null,
	"Status": {
		"Code": "Unset",
		"Description": ""
	},
	"DroppedAttributes": 0,
	"DroppedEvents": 0,
	"DroppedLinks": 0,
	"ChildSpanCount": 0,
	"Resource": [
		{
			"Key": "service.name",
			"Value": {
				"Type": "STRING",
				"Value": "pregod-indexer"
			}
		},
		{
			"Key": "service.version",
			"Value": {
				"Type": "STRING",
				"Value": "v0.4.0"
			}
		}
	],
	"InstrumentationLibrary": {
		"Name": "crawler_moralis",
		"Version": "",
		"SchemaURL": ""
	}
}
{
	"Name": "work",
	"SpanContext": {
		"TraceID": "28c242bff7a4021370db47bb5fa72149",
		"SpanID": "b3b9ba8b254b7c22",
		"TraceFlags": "01",
		"TraceState": "",
		"Remote": false
	},
	"Parent": {
		"TraceID": "00000000000000000000000000000000",
		"SpanID": "0000000000000000",
		"TraceFlags": "00",
		"TraceState": "",
		"Remote": false
	},
	"SpanKind": 1,
	"StartTime": "0001-01-01T00:00:00Z",
	"EndTime": "0001-01-01T00:00:00Z",
	"Attributes": [
		{
			"Key": "identity",
			"Value": {
				"Type": "STRING",
				"Value": "0xc8b960d09c0078c18dcbe7eb9ab9d816bcca8944"
			}
		},
		{
			"Key": "owner_id",
			"Value": {
				"Type": "STRING",
				"Value": "0xc8b960d09c0078c18dcbe7eb9ab9d816bcca8944"
			}
		},
		{
			"Key": "owner_platform_id",
			"Value": {
				"Type": "STRING",
				"Value": "ethereum"
			}
		},
		{
			"Key": "block_height",
			"Value": {
				"Type": "INT64",
				"Value": 0
			}
		},
		{
			"Key": "timestamp",
			"Value": {
				"Type": "STRING",
				"Value": "2022-05-25 18:07:11 +0800 CST"
			}
		},
		{
			"Key": "limit",
			"Value": {
				"Type": "INT64",
				"Value": 100
			}
		},
		{
			"Key": "network_symbol",
			"Value": {
				"Type": "STRING",
				"Value": "ethereum"
			}
		},
		{
			"Key": "platform_symbol",
			"Value": {
				"Type": "STRING",
				"Value": "ethereum"
			}
		},
		{
			"Key": "profile_source_name",
			"Value": {
				"Type": "STRING",
				"Value": "Crossbell"
			}
		}
	],
	"Events": null,
	"Links": null,
	"Status": {
		"Code": "Unset",
		"Description": ""
	},
	"DroppedAttributes": 0,
	"DroppedEvents": 0,
	"DroppedLinks": 0,
	"ChildSpanCount": 4,
	"Resource": [
		{
			"Key": "service.name",
			"Value": {
				"Type": "STRING",
				"Value": "pregod-indexer"
			}
		},
		{
			"Key": "service.version",
			"Value": {
				"Type": "STRING",
				"Value": "v0.4.0"
			}
		}
	],
	"InstrumentationLibrary": {
		"Name": "crawler_moralis",
		"Version": "",
		"SchemaURL": ""
	}
}
{
	"Name": "complete_mime_types_for_items",
	"SpanContext": {
		"TraceID": "8c1b2ab18700e1174bb7e698e08304fe",
		"SpanID": "ea4424b53fc3db3a",
		"TraceFlags": "01",
		"TraceState": "",
		"Remote": false
	},
	"Parent": {
		"TraceID": "8c1b2ab18700e1174bb7e698e08304fe",
		"SpanID": "00935e6597126fa6",
		"TraceFlags": "01",
		"TraceState": "",
		"Remote": false
	},
	"SpanKind": 1,
	"StartTime": "0001-01-01T00:00:00Z",
	"EndTime": "0001-01-01T00:00:00Z",
	"Attributes": null,
	"Events": null,
	"Links": null,
	"Status": {
		"Code": "Unset",
		"Description": ""
	},
	"DroppedAttributes": 0,
	"DroppedEvents": 0,
	"DroppedLinks": 0,
	"ChildSpanCount": 0,
	"Resource": [
		{
			"Key": "service.name",
			"Value": {
				"Type": "STRING",
				"Value": "pregod-indexer"
			}
		},
		{
			"Key": "service.version",
			"Value": {
				"Type": "STRING",
				"Value": "v0.4.0"
			}
		}
	],
	"InstrumentationLibrary": {
		"Name": "crawler_moralis",
		"Version": "",
		"SchemaURL": ""
	}
}
{
	"Name": "work",
	"SpanContext": {
		"TraceID": "8c1b2ab18700e1174bb7e698e08304fe",
		"SpanID": "00935e6597126fa6",
		"TraceFlags": "01",
		"TraceState": "",
		"Remote": false
	},
	"Parent": {
		"TraceID": "00000000000000000000000000000000",
		"SpanID": "0000000000000000",
		"TraceFlags": "00",
		"TraceState": "",
		"Remote": false
	},
	"SpanKind": 1,
	"StartTime": "0001-01-01T00:00:00Z",
	"EndTime": "0001-01-01T00:00:00Z",
	"Attributes": [
		{
			"Key": "identity",
			"Value": {
				"Type": "STRING",
				"Value": "0xc8b960d09c0078c18dcbe7eb9ab9d816bcca8944"
			}
		},
		{
			"Key": "owner_id",
			"Value": {
				"Type": "STRING",
				"Value": "0xc8b960d09c0078c18dcbe7eb9ab9d816bcca8944"
			}
		},
		{
			"Key": "owner_platform_id",
			"Value": {
				"Type": "STRING",
				"Value": "ethereum"
			}
		},
		{
			"Key": "block_height",
			"Value": {
				"Type": "INT64",
				"Value": 0
			}
		},
		{
			"Key": "timestamp",
			"Value": {
				"Type": "STRING",
				"Value": "2022-05-25 18:06:01 +0800 CST"
			}
		},
		{
			"Key": "limit",
			"Value": {
				"Type": "INT64",
				"Value": 100
			}
		},
		{
			"Key": "network_symbol",
			"Value": {
				"Type": "STRING",
				"Value": "polygon"
			}
		},
		{
			"Key": "platform_symbol",
			"Value": {
				"Type": "STRING",
				"Value": "ethereum"
			}
		},
		{
			"Key": "profile_source_name",
			"Value": {
				"Type": "STRING",
				"Value": "Crossbell"
			}
		}
	],
	"Events": null,
	"Links": null,
	"Status": {
		"Code": "Unset",
		"Description": ""
	},
	"DroppedAttributes": 0,
	"DroppedEvents": 0,
	"DroppedLinks": 0,
	"ChildSpanCount": 4,
	"Resource": [
		{
			"Key": "service.name",
			"Value": {
				"Type": "STRING",
				"Value": "pregod-indexer"
			}
		},
		{
			"Key": "service.version",
			"Value": {
				"Type": "STRING",
				"Value": "v0.4.0"
			}
		}
	],
	"InstrumentationLibrary": {
		"Name": "crawler_moralis",
		"Version": "",
		"SchemaURL": ""
	}
}
{
	"Name": "complete_mime_types_for_items",
	"SpanContext": {
		"TraceID": "636354923d861dd17d3b115148c62e44",
		"SpanID": "93ce92416fcac70e",
		"TraceFlags": "01",
		"TraceState": "",
		"Remote": false
	},
	"Parent": {
		"TraceID": "636354923d861dd17d3b115148c62e44",
		"SpanID": "606a0579b248c361",
		"TraceFlags": "01",
		"TraceState": "",
		"Remote": false
	},
	"SpanKind": 1,
	"StartTime": "0001-01-01T00:00:00Z",
	"EndTime": "0001-01-01T00:00:00Z",
	"Attributes": null,
	"Events": null,
	"Links": null,
	"Status": {
		"Code": "Unset",
		"Description": ""
	},
	"DroppedAttributes": 0,
	"DroppedEvents": 0,
	"DroppedLinks": 0,
	"ChildSpanCount": 0,
	"Resource": [
		{
			"Key": "service.name",
			"Value": {
				"Type": "STRING",
				"Value": "pregod-indexer"
			}
		},
		{
			"Key": "service.version",
			"Value": {
				"Type": "STRING",
				"Value": "v0.4.0"
			}
		}
	],
	"InstrumentationLibrary": {
		"Name": "crawler_moralis",
		"Version": "",
		"SchemaURL": ""
	}
}
{
	"Name": "work",
	"SpanContext": {
		"TraceID": "636354923d861dd17d3b115148c62e44",
		"SpanID": "606a0579b248c361",
		"TraceFlags": "01",
		"TraceState": "",
		"Remote": false
	},
	"Parent": {
		"TraceID": "00000000000000000000000000000000",
		"SpanID": "0000000000000000",
		"TraceFlags": "00",
		"TraceState": "",
		"Remote": false
	},
	"SpanKind": 1,
	"StartTime": "0001-01-01T00:00:00Z",
	"EndTime": "0001-01-01T00:00:00Z",
	"Attributes": [
		{
			"Key": "identity",
			"Value": {
				"Type": "STRING",
				"Value": "0xc8b960d09c0078c18dcbe7eb9ab9d816bcca8944"
			}
		},
		{
			"Key": "owner_id",
			"Value": {
				"Type": "STRING",
				"Value": "0xc8b960d09c0078c18dcbe7eb9ab9d816bcca8944"
			}
		},
		{
			"Key": "owner_platform_id",
			"Value": {
				"Type": "STRING",
				"Value": "ethereum"
			}
		},
		{
			"Key": "block_height",
			"Value": {
				"Type": "INT64",
				"Value": 0
			}
		},
		{
			"Key": "timestamp",
			"Value": {
				"Type": "STRING",
				"Value": "2022-05-25 18:07:11 +0800 CST"
			}
		},
		{
			"Key": "limit",
			"Value": {
				"Type": "INT64",
				"Value": 100
			}
		},
		{
			"Key": "network_symbol",
			"Value": {
				"Type": "STRING",
				"Value": "polygon"
			}
		},
		{
			"Key": "platform_symbol",
			"Value": {
				"Type": "STRING",
				"Value": "ethereum"
			}
		},
		{
			"Key": "profile_source_name",
			"Value": {
				"Type": "STRING",
				"Value": "Crossbell"
			}
		}
	],
	"Events": null,
	"Links": null,
	"Status": {
		"Code": "Unset",
		"Description": ""
	},
	"DroppedAttributes": 0,
	"DroppedEvents": 0,
	"DroppedLinks": 0,
	"ChildSpanCount": 4,
	"Resource": [
		{
			"Key": "service.name",
			"Value": {
				"Type": "STRING",
				"Value": "pregod-indexer"
			}
		},
		{
			"Key": "service.version",
			"Value": {
				"Type": "STRING",
				"Value": "v0.4.0"
			}
		}
	],
	"InstrumentationLibrary": {
		"Name": "crawler_moralis",
		"Version": "",
		"SchemaURL": ""
	}
}
